WARNING: A restricted method in java.lang.System has been called
WARNING: java.lang.System::load has been called by org.fusesource.jansi.internal.JansiLoader in an unnamed module (file:/opt/homebrew/Cellar/maven/3.9.9/libexec/lib/jansi-2.4.1.jar)
WARNING: Use --enable-native-access=ALL-UNNAMED to avoid a warning for callers in this module
WARNING: Restricted methods will be blocked in a future release unless native access is enabled

WARNING: A terminally deprecated method in sun.misc.Unsafe has been called
WARNING: sun.misc.Unsafe::objectFieldOffset has been called by com.google.common.util.concurrent.AbstractFuture$UnsafeAtomicHelper (file:/opt/homebrew/Cellar/maven/3.9.9/libexec/lib/guava-33.2.1-jre.jar)
WARNING: Please consider reporting this to the maintainers of class com.google.common.util.concurrent.AbstractFuture$UnsafeAtomicHelper
WARNING: sun.misc.Unsafe::objectFieldOffset will be removed in a future release
[INFO] Scanning for projects...
[WARNING] 
[WARNING] Some problems were encountered while building the effective model for com.miniups:mini-ups-backend:jar:1.0.0
[WARNING] 'dependencies.dependency.(groupId:artifactId:type:classifier)' must be unique: org.testcontainers:junit-jupiter:jar -> duplicate declaration of version (?) @ line 136, column 21
[WARNING] 
[WARNING] It is highly recommended to fix these problems because they threaten the stability of your build.
[WARNING] 
[WARNING] For this reason, future Maven versions might no longer support building such malformed projects.
[WARNING] 
[INFO] ------------------------------------------------------------------------
[INFO] Detecting the operating system and CPU architecture
[INFO] ------------------------------------------------------------------------
[INFO] os.detected.name: osx
[INFO] os.detected.arch: aarch_64
[INFO] os.detected.bitness: 64
[INFO] os.detected.version: 15.2
[INFO] os.detected.version.major: 15
[INFO] os.detected.version.minor: 2
[INFO] os.detected.classifier: osx-aarch_64
[INFO] 
[INFO] --------------------< com.miniups:mini-ups-backend >--------------------
[INFO] Building Mini UPS Backend 1.0.0
[INFO]   from pom.xml
[INFO] --------------------------------[ jar ]---------------------------------
[INFO] 
[INFO] >>> spring-boot:3.2.0:run (default-cli) > test-compile @ mini-ups-backend >>>
[INFO] 
[INFO] --- jacoco:0.8.11:prepare-agent (default) @ mini-ups-backend ---
[INFO] argLine set to -javaagent:/Users/hongxichen/.m2/repository/org/jacoco/org.jacoco.agent/0.8.11/org.jacoco.agent-0.8.11-runtime.jar=destfile=/Users/hongxichen/Desktop/mini-ups/backend/target/jacoco.exec
[INFO] 
[INFO] --- protobuf:0.6.1:compile (default) @ mini-ups-backend ---
[INFO] Compiling 1 proto file(s) to /Users/hongxichen/Desktop/mini-ups/backend/target/generated-sources/protobuf/java
[INFO] 
[INFO] --- resources:3.3.1:resources (default-resources) @ mini-ups-backend ---
[INFO] Copying 6 resources from src/main/resources to target/classes
[INFO] Copying 0 resource from src/main/resources to target/classes
[INFO] Copying 1 resource from src/main/proto to target/classes
[INFO] 
[INFO] --- compiler:3.11.0:compile (default-compile) @ mini-ups-backend ---
[INFO] Changes detected - recompiling the module! :source
[INFO] Compiling 58 source files with javac [debug release 17] to target/classes
[INFO] 
[INFO] --- resources:3.3.1:testResources (default-testResources) @ mini-ups-backend ---
[INFO] skip non existing resourceDirectory /Users/hongxichen/Desktop/mini-ups/backend/src/test/resources
[INFO] 
[INFO] --- compiler:3.11.0:testCompile (default-testCompile) @ mini-ups-backend ---
[INFO] No sources to compile
[INFO] 
[INFO] <<< spring-boot:3.2.0:run (default-cli) < test-compile @ mini-ups-backend <<<
[INFO] 
[INFO] 
[INFO] --- spring-boot:3.2.0:run (default-cli) @ mini-ups-backend ---
[INFO] Attaching agents: []

  .   ____          _            __ _ _
 /\\ / ___'_ __ _ _(_)_ __  __ _ \ \ \ \
( ( )\___ | '_ | '_| | '_ \/ _` | \ \ \ \
 \\/  ___)| |_)| | | | | || (_| |  ) ) ) )
  '  |____| .__|_| |_|_| |_\__, | / / / /
 =========|_|==============|___/=/_/_/_/
[32m :: Spring Boot :: [39m              [2m (v3.2.0)[0;39m

2025-06-25 01:47:36 - Starting MiniUpsApplication using Java 24.0.1 with PID 81506 (/Users/hongxichen/Desktop/mini-ups/backend/target/classes started by hongxichen in /Users/hongxichen/Desktop/mini-ups/backend)
2025-06-25 01:47:36 - Running with Spring Boot v3.2.0, Spring v6.1.1
2025-06-25 01:47:36 - The following 1 profile is active: "dev"
2025-06-25 01:47:36 - Multiple Spring Data modules found, entering strict repository configuration mode
2025-06-25 01:47:36 - Bootstrapping Spring Data JPA repositories in DEFAULT mode.
2025-06-25 01:47:36 - Finished Spring Data repository scanning in 47 ms. Found 3 JPA repository interfaces.
2025-06-25 01:47:36 - Multiple Spring Data modules found, entering strict repository configuration mode
2025-06-25 01:47:36 - Bootstrapping Spring Data Redis repositories in DEFAULT mode.
2025-06-25 01:47:36 - Spring Data Redis - Could not safely identify store assignment for repository candidate interface com.miniups.repository.ShipmentRepository; If you want this repository to be a Redis repository, consider annotating your entities with one of these annotations: org.springframework.data.redis.core.RedisHash (preferred), or consider extending one of the following types with your repository: org.springframework.data.keyvalue.repository.KeyValueRepository
2025-06-25 01:47:36 - Spring Data Redis - Could not safely identify store assignment for repository candidate interface com.miniups.repository.TruckRepository; If you want this repository to be a Redis repository, consider annotating your entities with one of these annotations: org.springframework.data.redis.core.RedisHash (preferred), or consider extending one of the following types with your repository: org.springframework.data.keyvalue.repository.KeyValueRepository
2025-06-25 01:47:36 - Spring Data Redis - Could not safely identify store assignment for repository candidate interface com.miniups.repository.UserRepository; If you want this repository to be a Redis repository, consider annotating your entities with one of these annotations: org.springframework.data.redis.core.RedisHash (preferred), or consider extending one of the following types with your repository: org.springframework.data.keyvalue.repository.KeyValueRepository
2025-06-25 01:47:36 - Finished Spring Data repository scanning in 15 ms. Found 0 Redis repository interfaces.
WARNING: A restricted method in java.lang.System has been called
WARNING: java.lang.System::load has been called by org.apache.tomcat.jni.Library in an unnamed module (file:/Users/hongxichen/.m2/repository/org/apache/tomcat/embed/tomcat-embed-core/10.1.16/tomcat-embed-core-10.1.16.jar)
WARNING: Use --enable-native-access=ALL-UNNAMED to avoid a warning for callers in this module
WARNING: Restricted methods will be blocked in a future release unless native access is enabled

2025-06-25 01:47:36 - Tomcat initialized with port 8081 (http)
2025-06-25 01:47:36 - Starting service [Tomcat]
2025-06-25 01:47:36 - Starting Servlet engine: [Apache Tomcat/10.1.16]
2025-06-25 01:47:36 - Initializing Spring embedded WebApplicationContext
2025-06-25 01:47:36 - Root WebApplicationContext: initialization completed in 747 ms
2025-06-25 01:47:36 - HHH000204: Processing PersistenceUnitInfo [name: default]
2025-06-25 01:47:36 - HHH000412: Hibernate ORM core version 6.3.1.Final
2025-06-25 01:47:36 - HHH000026: Second-level cache disabled
2025-06-25 01:47:37 - No LoadTimeWeaver setup: ignoring JPA class transformer
2025-06-25 01:47:37 - HikariPool-1 - Starting...
2025-06-25 01:47:37 - HikariPool-1 - Added connection org.postgresql.jdbc.PgConnection@7bdb4d69
2025-06-25 01:47:37 - HikariPool-1 - Start completed.
2025-06-25 01:47:37 - HHH90000025: PostgreSQLDialect does not need to be specified explicitly using 'hibernate.dialect' (remove the property setting and it will be selected by default)
2025-06-25 01:47:37 - HHH000489: No JTA platform available (set 'hibernate.transaction.jta.platform' to enable JTA platform integration)
2025-06-25 01:47:37 - Initialized JPA EntityManagerFactory for persistence unit 'default'
2025-06-25 01:47:37 - Filter 'jwtAuthenticationFilter' configured for use
2025-06-25 01:47:37 - Hibernate is in classpath; If applicable, HQL parser will be used.
2025-06-25 01:47:37 - WorldSimulatorService initialized
WARNING: A terminally deprecated method in sun.misc.Unsafe has been called
WARNING: sun.misc.Unsafe::objectFieldOffset has been called by io.netty.util.internal.PlatformDependent0$4 (file:/Users/hongxichen/.m2/repository/io/netty/netty-common/4.1.101.Final/netty-common-4.1.101.Final.jar)
WARNING: Please consider reporting this to the maintainers of class io.netty.util.internal.PlatformDependent0$4
WARNING: sun.misc.Unsafe::objectFieldOffset will be removed in a future release
2025-06-25 01:47:38 - Exposing 3 endpoint(s) beneath base path '/actuator'
2025-06-25 01:47:38 - Will secure any request with [org.springframework.security.web.session.DisableEncodeUrlFilter@73a706b1, org.springframework.security.web.context.request.async.WebAsyncManagerIntegrationFilter@437aa3ea, org.springframework.security.web.context.SecurityContextHolderFilter@b692323, org.springframework.security.web.header.HeaderWriterFilter@68bffb06, org.springframework.web.filter.CorsFilter@4f37f2e5, org.springframework.security.web.authentication.logout.LogoutFilter@5e04bfe5, com.miniups.security.JwtAuthenticationFilter@27f6854b, org.springframework.security.web.savedrequest.RequestCacheAwareFilter@7b779c7b, org.springframework.security.web.servletapi.SecurityContextHolderAwareRequestFilter@27cfc534, org.springframework.security.web.authentication.AnonymousAuthenticationFilter@44ee4110, org.springframework.security.web.session.SessionManagementFilter@702e8e67, org.springframework.security.web.access.ExceptionTranslationFilter@48f7f8cc, org.springframework.security.web.access.intercept.AuthorizationFilter@4127f82a]
2025-06-25 01:47:38 - Tomcat started on port 8081 (http) with context path ''
2025-06-25 01:47:38 - Starting...
2025-06-25 01:47:38 - BrokerAvailabilityEvent[available=true, SimpleBrokerMessageHandler [org.springframework.messaging.simp.broker.DefaultSubscriptionRegistry@3145c33b]]
2025-06-25 01:47:38 - Started.
2025-06-25 01:47:38 - Started MiniUpsApplication in 2.962 seconds (process running for 3.07)
2025-06-25 01:47:48 - Initializing Spring DispatcherServlet 'dispatcherServlet'
2025-06-25 01:47:48 - Initializing Servlet 'dispatcherServlet'
2025-06-25 01:47:48 - Completed initialization in 1 ms
2025-06-25 01:47:48 - Cache miss for REQUEST dispatch to '/' (previous null). Performing MatchableHandlerMapping lookup. This is logged once only at WARN level, and every time at TRACE.
2025-06-25 01:48:33 - Stopping...
2025-06-25 01:48:33 - BrokerAvailabilityEvent[available=false, SimpleBrokerMessageHandler [org.springframework.messaging.simp.broker.DefaultSubscriptionRegistry@3145c33b]]
2025-06-25 01:48:33 - Stopped.
2025-06-25 01:48:33 - WorldSimulatorService shut down
2025-06-25 01:48:33 - Closing JPA EntityManagerFactory for persistence unit 'default'
2025-06-25 01:48:33 - HikariPool-1 - Shutdown initiated...
2025-06-25 01:48:33 - HikariPool-1 - Shutdown completed.
